--------------------------------------------------------------------------------
[javac]
javac -cp C:\Users\User\Desktop\SE2\sgaertne\out -encoding US-ASCII --enable-preview --release 19 -d C:\Users\User\Desktop\SE2\sgaertne\out --source-path C:\Users\User\Desktop\SE2\sgaertne\src C:\Users\User\Desktop\SE2\sgaertne\src\edu\hm\gaertner\simon\lab23\a44\ListOps.java C:\Users\User\Desktop\SE2\sgaertne\src\edu\hm\gaertner\simon\lab23\a44\Which.java
--------------------------------------------------------------------------------
[javac-tests]
javac -cp C:\Users\User\Desktop\SE2\tool\junit-platform-console-standalone.jar;C:\Users\User\Desktop\SE2\sgaertne\out -encoding US-ASCII --enable-preview --release 19 -d C:\Users\User\Desktop\SE2\sgaertne\out --source-path C:\Users\User\Desktop\SE2\sgaertne\test;C:\Users\User\Desktop\SE2\sgaertne\src C:\Users\User\Desktop\SE2\sgaertne\test\edu\hm\gaertner\simon\lab23\a44\ListOpsTest.java
--------------------------------------------------------------------------------
[javadoc]
javadoc -cp C:\Users\User\Desktop\SE2\tool\junit-platform-console-standalone.jar;C:\Users\User\Desktop\SE2\sgaertne\out -encoding US-ASCII --enable-preview --release 19 -d C:\Users\User\Desktop\SE2\sgaertne\report\lab23\a44\javadoc -private -quiet -Xdoclint:-missing --source-path C:\Users\User\Desktop\SE2\sgaertne\test C:\Users\User\Desktop\SE2\sgaertne\src\edu\hm\gaertner\simon\lab23\a44\ListOps.java C:\Users\User\Desktop\SE2\sgaertne\src\edu\hm\gaertner\simon\lab23\a44\Which.java
--------------------------------------------------------------------------------
[pmd]
java -cp C:\Users\User\Desktop\SE2\tool\pmd-bin\lib\animal-sniffer-annotations-1.14.jar;C:\Users\User\Desktop\SE2\tool\pmd-bin\lib\antlr-2.7.7.jar;C:\Users\User\Desktop\SE2\tool\pmd-bin\lib\antlr-runtime-3.5.2.jar;C:\Users\User\Desktop\SE2\tool\pmd-bin\lib\aopalliance-1.0.jar;C:\Users\User\Desktop\SE2\tool\pmd-bin\lib\asm-9.4.jar;C:\Users\User\Desktop\SE2\tool\pmd-bin\lib\cglib-3.3.0.jar;C:\Users\User\Desktop\SE2\tool\pmd-bin\lib\commons-lang3-3.8.1.jar;C:\Users\User\Desktop\SE2\tool\pmd-bin\lib\common_2.13-4.6.0.jar;C:\Users\User\Desktop\SE2\tool\pmd-bin\lib\error_prone_annotations-2.1.3.jar;C:\Users\User\Desktop\SE2\tool\pmd-bin\lib\fastparse-v2_2.13-2.3.1.jar;C:\Users\User\Desktop\SE2\tool\pmd-bin\lib\gson-2.8.9.jar;C:\Users\User\Desktop\SE2\tool\pmd-bin\lib\javax.inject-1.jar;C:\Users\User\Desktop\SE2\tool\pmd-bin\lib\jcommander-1.48.jar;C:\Users\User\Desktop\SE2\tool\pmd-bin\lib\jol-core-0.4.jar;C:\Users\User\Desktop\SE2\tool\pmd-bin\lib\jsoup-1.15.3.jar;C:\Users\User\Desktop\SE2\tool\pmd-bin\lib\jsr305-3.0.2.jar;C:\Users\User\Desktop\SE2\tool\pmd-bin\lib\lenses_2.13-0.11.11.jar;C:\Users\User\Desktop\SE2\tool\pmd-bin\lib\logback-classic-1.2.9.jar;C:\Users\User\Desktop\SE2\tool\pmd-bin\lib\logback-core-1.2.9.jar;C:\Users\User\Desktop\SE2\tool\pmd-bin\lib\parsers_2.13-4.6.0.jar;C:\Users\User\Desktop\SE2\tool\pmd-bin\lib\pmd-core-6.55.0.jar;C:\Users\User\Desktop\SE2\tool\pmd-bin\lib\pmd-html-6.55.0.jar;C:\Users\User\Desktop\SE2\tool\pmd-bin\lib\pmd-java-6.55.0.jar;C:\Users\User\Desktop\SE2\tool\pmd-bin\lib\pmd-javascript-6.55.0.jar;C:\Users\User\Desktop\SE2\tool\pmd-bin\lib\pmd-jsp-6.55.0.jar;C:\Users\User\Desktop\SE2\tool\pmd-bin\lib\pmd-xml-6.55.0.jar;C:\Users\User\Desktop\SE2\tool\pmd-bin\lib\protobuf-java-3.16.3.jar;C:\Users\User\Desktop\SE2\tool\pmd-bin\lib\rhino-1.7.14.jar;C:\Users\User\Desktop\SE2\tool\pmd-bin\lib\saxon-9.1.0.8-dom.jar;C:\Users\User\Desktop\SE2\tool\pmd-bin\lib\saxon-9.1.0.8.jar;C:\Users\User\Desktop\SE2\tool\pmd-bin\lib\slf4j-api-1.7.32.jar;C:\Users\User\Desktop\SE2\tool\pmd-bin\lib\sourcecode_2.13-0.3.0.jar;C:\Users\User\Desktop\SE2\tool\pmd-bin\lib\stringtemplate-3.2.1.jar;C:\Users\User\Desktop\SE2\tool\pmd-bin\lib\trees_2.13-4.6.0.jar net.sourceforge.pmd.PMD --encoding US-ASCII -d C:\Users\User\Desktop\SE2\sgaertne\src\edu\hm\gaertner\simon\lab23\a44 -f text -R C:\Users\User\Desktop\SE2\tool\pmd.xml --no-cache --relativize-paths-with C:\Users\User\Desktop\SE2\sgaertne\src
edu\hm\gaertner\simon\lab23\a44\ListOps.java:32:	AvoidThrowingRawExceptionTypes:	Avoid throwing raw exception types.
* FAILED *
--------------------------------------------------------------------------------
[checkstyle]
java -cp C:\Users\User\Desktop\SE2\tool\checkstyle.jar;C:\Users\User\Desktop\SE2\sgaertne\out com.puppycrawl.tools.checkstyle.Main -c C:\Users\User\Desktop\SE2\tool\checkstyle.xml C:\Users\User\Desktop\SE2\sgaertne\src\edu\hm\gaertner\simon\lab23\a44\ListOps.java C:\Users\User\Desktop\SE2\sgaertne\src\edu\hm\gaertner\simon\lab23\a44\Which.java
Starting audit...
[ERROR] C:\Users\User\Desktop\SE2\sgaertne\src\edu\hm\gaertner\simon\lab23\a44\ListOps.java:170:60: '5' is a magic number. [MagicNumber]
[ERROR] C:\Users\User\Desktop\SE2\sgaertne\src\edu\hm\gaertner\simon\lab23\a44\ListOps.java:171:60: '5' is a magic number. [MagicNumber]
Audit done.
Checkstyle ends with 2 errors.
* FAILED *
--------------------------------------------------------------------------------
[spotbugs]
java -client -Xmx512m -cp C:\Users\User\Desktop\SE2\tool\spotbugs\lib\asm-9.4.jar;C:\Users\User\Desktop\SE2\tool\spotbugs\lib\asm-analysis-9.4.jar;C:\Users\User\Desktop\SE2\tool\spotbugs\lib\asm-commons-9.4.jar;C:\Users\User\Desktop\SE2\tool\spotbugs\lib\asm-tree-9.4.jar;C:\Users\User\Desktop\SE2\tool\spotbugs\lib\asm-util-9.4.jar;C:\Users\User\Desktop\SE2\tool\spotbugs\lib\bcel-6.5.0.jar;C:\Users\User\Desktop\SE2\tool\spotbugs\lib\commons-codec-1.15.jar;C:\Users\User\Desktop\SE2\tool\spotbugs\lib\commons-lang3-3.12.0.jar;C:\Users\User\Desktop\SE2\tool\spotbugs\lib\commons-text-1.10.0.jar;C:\Users\User\Desktop\SE2\tool\spotbugs\lib\dom4j-2.1.3.jar;C:\Users\User\Desktop\SE2\tool\spotbugs\lib\gson-2.9.1.jar;C:\Users\User\Desktop\SE2\tool\spotbugs\lib\httpclient5-5.1.3.jar;C:\Users\User\Desktop\SE2\tool\spotbugs\lib\httpcore5-5.1.3.jar;C:\Users\User\Desktop\SE2\tool\spotbugs\lib\httpcore5-h2-5.1.3.jar;C:\Users\User\Desktop\SE2\tool\spotbugs\lib\jaxen-1.2.0.jar;C:\Users\User\Desktop\SE2\tool\spotbugs\lib\jcip-annotations-1.0.jar;C:\Users\User\Desktop\SE2\tool\spotbugs\lib\jsr305-3.0.2.jar;C:\Users\User\Desktop\SE2\tool\spotbugs\lib\log4j-api-2.19.0.jar;C:\Users\User\Desktop\SE2\tool\spotbugs\lib\log4j-core-2.19.0.jar;C:\Users\User\Desktop\SE2\tool\spotbugs\lib\log4j-slf4j2-impl-2.19.0.jar;C:\Users\User\Desktop\SE2\tool\spotbugs\lib\Saxon-HE-11.4.jar;C:\Users\User\Desktop\SE2\tool\spotbugs\lib\slf4j-api-2.0.0.jar;C:\Users\User\Desktop\SE2\tool\spotbugs\lib\spotbugs-annotations.jar;C:\Users\User\Desktop\SE2\tool\spotbugs\lib\spotbugs-ant.jar;C:\Users\User\Desktop\SE2\tool\spotbugs\lib\spotbugs.jar;C:\Users\User\Desktop\SE2\tool\spotbugs\lib\xml-apis-1.4.01.jar;C:\Users\User\Desktop\SE2\tool\spotbugs\lib\xmlresolver-4.4.3-data.jar;C:\Users\User\Desktop\SE2\tool\spotbugs\lib\xmlresolver-4.4.3.jar -Dspotbugs.home=C:\Users\User\Desktop\SE2\tool\spotbugs edu.umd.cs.findbugs.FindBugs2 -effort:max -low -emacs -exclude C:\Users\User\Desktop\SE2\tool\spotbugs.xml -sourcepath C:\Users\User\Desktop\SE2\sgaertne\src\edu\hm\gaertner\simon\lab23\a44 C:\Users\User\Desktop\SE2\sgaertne\out\edu\hm\gaertner\simon\lab23\a44\ListOps.class C:\Users\User\Desktop\SE2\sgaertne\out\edu\hm\gaertner\simon\lab23\a44\Which.class
--------------------------------------------------------------------------------
[ccnscanner]
java -cp C:\Users\User\Desktop\SE2\tool\pmd-bin\lib\animal-sniffer-annotations-1.14.jar;C:\Users\User\Desktop\SE2\tool\pmd-bin\lib\antlr-2.7.7.jar;C:\Users\User\Desktop\SE2\tool\pmd-bin\lib\antlr-runtime-3.5.2.jar;C:\Users\User\Desktop\SE2\tool\pmd-bin\lib\aopalliance-1.0.jar;C:\Users\User\Desktop\SE2\tool\pmd-bin\lib\asm-9.4.jar;C:\Users\User\Desktop\SE2\tool\pmd-bin\lib\cglib-3.3.0.jar;C:\Users\User\Desktop\SE2\tool\pmd-bin\lib\commons-lang3-3.8.1.jar;C:\Users\User\Desktop\SE2\tool\pmd-bin\lib\common_2.13-4.6.0.jar;C:\Users\User\Desktop\SE2\tool\pmd-bin\lib\error_prone_annotations-2.1.3.jar;C:\Users\User\Desktop\SE2\tool\pmd-bin\lib\fastparse-v2_2.13-2.3.1.jar;C:\Users\User\Desktop\SE2\tool\pmd-bin\lib\gson-2.8.9.jar;C:\Users\User\Desktop\SE2\tool\pmd-bin\lib\javax.inject-1.jar;C:\Users\User\Desktop\SE2\tool\pmd-bin\lib\jcommander-1.48.jar;C:\Users\User\Desktop\SE2\tool\pmd-bin\lib\jol-core-0.4.jar;C:\Users\User\Desktop\SE2\tool\pmd-bin\lib\jsoup-1.15.3.jar;C:\Users\User\Desktop\SE2\tool\pmd-bin\lib\jsr305-3.0.2.jar;C:\Users\User\Desktop\SE2\tool\pmd-bin\lib\lenses_2.13-0.11.11.jar;C:\Users\User\Desktop\SE2\tool\pmd-bin\lib\logback-classic-1.2.9.jar;C:\Users\User\Desktop\SE2\tool\pmd-bin\lib\logback-core-1.2.9.jar;C:\Users\User\Desktop\SE2\tool\pmd-bin\lib\parsers_2.13-4.6.0.jar;C:\Users\User\Desktop\SE2\tool\pmd-bin\lib\pmd-core-6.55.0.jar;C:\Users\User\Desktop\SE2\tool\pmd-bin\lib\pmd-html-6.55.0.jar;C:\Users\User\Desktop\SE2\tool\pmd-bin\lib\pmd-java-6.55.0.jar;C:\Users\User\Desktop\SE2\tool\pmd-bin\lib\pmd-javascript-6.55.0.jar;C:\Users\User\Desktop\SE2\tool\pmd-bin\lib\pmd-jsp-6.55.0.jar;C:\Users\User\Desktop\SE2\tool\pmd-bin\lib\pmd-xml-6.55.0.jar;C:\Users\User\Desktop\SE2\tool\pmd-bin\lib\protobuf-java-3.16.3.jar;C:\Users\User\Desktop\SE2\tool\pmd-bin\lib\rhino-1.7.14.jar;C:\Users\User\Desktop\SE2\tool\pmd-bin\lib\saxon-9.1.0.8-dom.jar;C:\Users\User\Desktop\SE2\tool\pmd-bin\lib\saxon-9.1.0.8.jar;C:\Users\User\Desktop\SE2\tool\pmd-bin\lib\slf4j-api-1.7.32.jar;C:\Users\User\Desktop\SE2\tool\pmd-bin\lib\sourcecode_2.13-0.3.0.jar;C:\Users\User\Desktop\SE2\tool\pmd-bin\lib\stringtemplate-3.2.1.jar;C:\Users\User\Desktop\SE2\tool\pmd-bin\lib\trees_2.13-4.6.0.jar;C:\Users\User\Desktop\SE2\tool\ccnscanner.jar CCNScanner C:\Users\User\Desktop\SE2\sgaertne\src\edu\hm\gaertner\simon\lab23\a44
types
18	edu.hm.gaertner.simon.lab23.a44.ListOps
3	edu.hm.gaertner.simon.lab23.a44.ListOpsDemo
methods
1	edu.hm.gaertner.simon.lab23.a44.ListOps.<ctor>@22
8	edu.hm.gaertner.simon.lab23.a44.ListOps.are@107
1	edu.hm.gaertner.simon.lab23.a44.ListOps.elements@31
4	edu.hm.gaertner.simon.lab23.a44.ListOps.fold@42
2	edu.hm.gaertner.simon.lab23.a44.ListOps.moved@87
2	edu.hm.gaertner.simon.lab23.a44.ListOps.spread@71
3	edu.hm.gaertner.simon.lab23.a44.ListOpsDemo.main@142
--------------------------------------------------------------------------------
[junit]
java -cp C:\Users\User\Desktop\SE2\tool\junit-platform-console-standalone.jar;C:\Users\User\Desktop\SE2\sgaertne\out org.junit.runner.JUnitCore edu.hm.gaertner.simon.lab23.a44.ListOpsTest
JUnit version 4.13.2
.E
Time: 0.005
There was 1 failure:
1) initializationError(edu.hm.gaertner.simon.lab23.a44.ListOpsTest)
org.junit.runners.model.InvalidTestClassError: Invalid test class 'edu.hm.gaertner.simon.lab23.a44.ListOpsTest':
  1. No runnable methods
	at org.junit.runners.ParentRunner.validate(ParentRunner.java:525)
	at org.junit.runners.ParentRunner.<init>(ParentRunner.java:102)
	at org.junit.runners.BlockJUnit4ClassRunner.<init>(BlockJUnit4ClassRunner.java:84)
	at org.junit.runners.JUnit4.<init>(JUnit4.java:23)
	at org.junit.internal.builders.JUnit4Builder.runnerForClass(JUnit4Builder.java:10)
	at org.junit.runners.model.RunnerBuilder.safeRunnerForClass(RunnerBuilder.java:70)
	at org.junit.internal.builders.AllDefaultPossibilitiesBuilder.runnerForClass(AllDefaultPossibilitiesBuilder.java:37)
	at org.junit.runner.Computer.getRunner(Computer.java:50)
	at org.junit.runner.Computer$1.runnerForClass(Computer.java:31)
	at org.junit.runners.model.RunnerBuilder.safeRunnerForClass(RunnerBuilder.java:70)
	at org.junit.runners.model.RunnerBuilder.runners(RunnerBuilder.java:125)
	at org.junit.runners.model.RunnerBuilder.runners(RunnerBuilder.java:111)
	at org.junit.runners.Suite.<init>(Suite.java:81)
	at org.junit.runner.Computer$2.<init>(Computer.java:33)
	at org.junit.runner.Computer.getSuite(Computer.java:28)
	at org.junit.runner.Request.classes(Request.java:77)
	at org.junit.runner.JUnitCommandLineParseResult.createRequest(JUnitCommandLineParseResult.java:116)
	at org.junit.runner.JUnitCore.runMain(JUnitCore.java:77)
	at org.junit.runner.JUnitCore.main(JUnitCore.java:36)

FAILURES!!!
Tests run: 1,  Failures: 1

* FAILED *
--------------------------------------------------------------------------------
[jacoco-agent]
java -cp C:\Users\User\Desktop\SE2\tool\junit-platform-console-standalone.jar;C:\Users\User\Desktop\SE2\sgaertne\out -javaagent:C:\Users\User\Desktop\SE2\tool\jacoco\lib\jacocoagent.jar=append=false,destfile=C:\Users\User\Desktop\SE2\sgaertne\out\jacoco.exec,excludes=*Test:*Demo org.junit.runner.JUnitCore edu.hm.gaertner.simon.lab23.a44.ListOpsTest
JUnit version 4.13.2
.E
Time: 0.008
There was 1 failure:
1) initializationError(edu.hm.gaertner.simon.lab23.a44.ListOpsTest)
org.junit.runners.model.InvalidTestClassError: Invalid test class 'edu.hm.gaertner.simon.lab23.a44.ListOpsTest':
  1. No runnable methods
	at org.junit.runners.ParentRunner.validate(ParentRunner.java:525)
	at org.junit.runners.ParentRunner.<init>(ParentRunner.java:102)
	at org.junit.runners.BlockJUnit4ClassRunner.<init>(BlockJUnit4ClassRunner.java:84)
	at org.junit.runners.JUnit4.<init>(JUnit4.java:23)
	at org.junit.internal.builders.JUnit4Builder.runnerForClass(JUnit4Builder.java:10)
	at org.junit.runners.model.RunnerBuilder.safeRunnerForClass(RunnerBuilder.java:70)
	at org.junit.internal.builders.AllDefaultPossibilitiesBuilder.runnerForClass(AllDefaultPossibilitiesBuilder.java:37)
	at org.junit.runner.Computer.getRunner(Computer.java:50)
	at org.junit.runner.Computer$1.runnerForClass(Computer.java:31)
	at org.junit.runners.model.RunnerBuilder.safeRunnerForClass(RunnerBuilder.java:70)
	at org.junit.runners.model.RunnerBuilder.runners(RunnerBuilder.java:125)
	at org.junit.runners.model.RunnerBuilder.runners(RunnerBuilder.java:111)
	at org.junit.runners.Suite.<init>(Suite.java:81)
	at org.junit.runner.Computer$2.<init>(Computer.java:33)
	at org.junit.runner.Computer.getSuite(Computer.java:28)
	at org.junit.runner.Request.classes(Request.java:77)
	at org.junit.runner.JUnitCommandLineParseResult.createRequest(JUnitCommandLineParseResult.java:116)
	at org.junit.runner.JUnitCore.runMain(JUnitCore.java:77)
	at org.junit.runner.JUnitCore.main(JUnitCore.java:36)

FAILURES!!!
Tests run: 1,  Failures: 1

* FAILED *
--------------------------------------------------------------------------------
[jacoco]
java -jar C:\Users\User\Desktop\SE2\tool\jacoco\lib\jacococli.jar report C:\Users\User\Desktop\SE2\sgaertne\out\jacoco.exec --sourcefiles C:\Users\User\Desktop\SE2\sgaertne\src --classfiles C:\Users\User\Desktop\SE2\sgaertne\out\edu\hm\gaertner\simon\lab23\a44\ListOps.class --classfiles C:\Users\User\Desktop\SE2\sgaertne\out\edu\hm\gaertner\simon\lab23\a44\Which.class --html C:\Users\User\Desktop\SE2\sgaertne\report\lab23\a44\jacoco --xml C:\Users\User\Desktop\SE2\sgaertne\report\lab23\a44\jacoco\jacoco.xml --csv C:\Users\User\Desktop\SE2\sgaertne\report\lab23\a44\jacoco\jacoco.csv
[INFO] Loading execution data file C:\Users\User\Desktop\SE2\sgaertne\out\jacoco.exec.
[INFO] Analyzing 2 classes.
--------------------------------------------------------------------------------
[pitest]
java -cp C:\Users\User\Desktop\SE2\sgaertne\out;C:\Users\User\Desktop\SE2\tool\junit-platform-console-standalone.jar;C:\Users\User\Desktop\SE2\tool\pitest\commons-lang3-3.0.jar;C:\Users\User\Desktop\SE2\tool\pitest\commons-text-1.10.0.jar;C:\Users\User\Desktop\SE2\tool\pitest\pitest-1.11.4.jar;C:\Users\User\Desktop\SE2\tool\pitest\pitest-command-line-1.11.4.jar;C:\Users\User\Desktop\SE2\tool\pitest\pitest-entry-1.11.4.jar;C:\Users\User\Desktop\SE2\tool\pitest\pitest-junit5-plugin-1.1.2.jar org.pitest.mutationtest.commandline.MutationCoverageReport --outputFormats HTML,XML --mutators STRONGER --jvmArgs --enable-preview --excludedMethods hashCode,equals,toString --excludedClasses *Test,*Demo --reportDir C:\Users\User\Desktop\SE2\sgaertne\report\lab23\a44\pitest --threads 16 --timestampedReports=false --targetClasses edu.hm.gaertner.simon.lab23.a44.ListOps,edu.hm.gaertner.simon.lab23.a44.ListOpsDemo,edu.hm.gaertner.simon.lab23.a44.Which --targetTests edu.hm.gaertner.simon.lab23.a44.ListOpsTest --sourceDirs C:\Users\User\Desktop\SE2\sgaertne\src
10:53:33 AM PIT >> INFO : Verbose logging is disabled. If you encounter a problem, please enable it before reporting an issue.
10:53:33 AM PIT >> INFO : Incremental analysis reduced number of mutations by 0
10:53:33 AM PIT >> INFO : Created 2 mutation test units in pre scan
10:53:34 AM PIT >> INFO : Sending 1 test classes to minion
10:53:34 AM PIT >> INFO : Sent tests to minion
10:53:34 AM PIT >> INFO : Calculated coverage in 0 seconds.
10:53:34 AM PIT >> INFO : Incremental analysis reduced number of mutations by 0
10:53:34 AM PIT >> INFO : Created 1 mutation test units
/10:53:34 AM PIT >> INFO : Completed in 1 seconds
================================================================================
- Mutators
================================================================================
> org.pitest.mutationtest.engine.gregor.mutators.RemoveConditionalMutator_ORDER_ELSE
>> Generated 4 Killed 0 (0%)
> KILLED 0 SURVIVED 0 TIMED_OUT 0 NON_VIABLE 0 
> MEMORY_ERROR 0 NOT_STARTED 0 STARTED 0 RUN_ERROR 0 
> NO_COVERAGE 4 
--------------------------------------------------------------------------------
> org.pitest.mutationtest.engine.gregor.mutators.ConditionalsBoundaryMutator
>> Generated 4 Killed 0 (0%)
> KILLED 0 SURVIVED 0 TIMED_OUT 0 NON_VIABLE 0 
> MEMORY_ERROR 0 NOT_STARTED 0 STARTED 0 RUN_ERROR 0 
> NO_COVERAGE 4 
--------------------------------------------------------------------------------
> org.pitest.mutationtest.engine.gregor.mutators.IncrementsMutator
>> Generated 1 Killed 0 (0%)
> KILLED 0 SURVIVED 0 TIMED_OUT 0 NON_VIABLE 0 
> MEMORY_ERROR 0 NOT_STARTED 0 STARTED 0 RUN_ERROR 0 
> NO_COVERAGE 1 
--------------------------------------------------------------------------------
> org.pitest.mutationtest.engine.gregor.mutators.returns.BooleanTrueReturnValsMutator
>> Generated 1 Killed 0 (0%)
> KILLED 0 SURVIVED 0 TIMED_OUT 0 NON_VIABLE 0 
> MEMORY_ERROR 0 NOT_STARTED 0 STARTED 0 RUN_ERROR 0 
> NO_COVERAGE 1 
--------------------------------------------------------------------------------
> org.pitest.mutationtest.engine.gregor.mutators.RemoveConditionalMutator_EQUAL_ELSE
>> Generated 6 Killed 0 (0%)
> KILLED 0 SURVIVED 0 TIMED_OUT 0 NON_VIABLE 0 
> MEMORY_ERROR 0 NOT_STARTED 0 STARTED 0 RUN_ERROR 0 
> NO_COVERAGE 6 
--------------------------------------------------------------------------------
> org.pitest.mutationtest.engine.gregor.mutators.returns.NullReturnValsMutator
>> Generated 3 Killed 0 (0%)
> KILLED 0 SURVIVED 0 TIMED_OUT 0 NON_VIABLE 0 
> MEMORY_ERROR 0 NOT_STARTED 0 STARTED 0 RUN_ERROR 0 
> NO_COVERAGE 3 
--------------------------------------------------------------------------------
> org.pitest.mutationtest.engine.gregor.mutators.RemoveConditionalMutator_ORDER_IF
>> Generated 4 Killed 0 (0%)
> KILLED 0 SURVIVED 0 TIMED_OUT 0 NON_VIABLE 0 
> MEMORY_ERROR 0 NOT_STARTED 0 STARTED 0 RUN_ERROR 0 
> NO_COVERAGE 4 
--------------------------------------------------------------------------------
> org.pitest.mutationtest.engine.gregor.mutators.MathMutator
>> Generated 3 Killed 0 (0%)
> KILLED 0 SURVIVED 0 TIMED_OUT 0 NON_VIABLE 0 
> MEMORY_ERROR 0 NOT_STARTED 0 STARTED 0 RUN_ERROR 0 
> NO_COVERAGE 3 
--------------------------------------------------------------------------------
> org.pitest.mutationtest.engine.gregor.mutators.returns.BooleanFalseReturnValsMutator
>> Generated 1 Killed 0 (0%)
> KILLED 0 SURVIVED 0 TIMED_OUT 0 NON_VIABLE 0 
> MEMORY_ERROR 0 NOT_STARTED 0 STARTED 0 RUN_ERROR 0 
> NO_COVERAGE 1 
--------------------------------------------------------------------------------
> org.pitest.mutationtest.engine.gregor.mutators.RemoveConditionalMutator_EQUAL_IF
>> Generated 6 Killed 0 (0%)
> KILLED 0 SURVIVED 0 TIMED_OUT 0 NON_VIABLE 0 
> MEMORY_ERROR 0 NOT_STARTED 0 STARTED 0 RUN_ERROR 0 
> NO_COVERAGE 6 
--------------------------------------------------------------------------------
================================================================================
- Timings
================================================================================
> pre-scan for mutations : < 1 second
> scan classpath : < 1 second
> coverage and dependency analysis : < 1 second
> build mutation tests : < 1 second
> run mutation analysis : < 1 second
--------------------------------------------------------------------------------
> Total  : < 1 second
--------------------------------------------------------------------------------
================================================================================
- Statistics
================================================================================
>> Line Coverage (for mutated classes only): 0/38 (0%)
>> Generated 33 mutations Killed 0 (0%)
>> Mutations with no coverage 33. Test strength 0%
>> Ran 0 tests (0 tests per mutation)
Enhanced functionality available at https://www.arcmutate.com/
